2023-10-08 13:09:24,608 [INFO] Activator:177 - 


2023-10-08 13:09:24,608 [INFO] Activator:178 - !SESSION log4j initialized
2023-10-08 13:09:43,540 [INFO] McuFinderGlobals:44 - Set McuFinder mode to 2 (CubeIDE integrated)
2023-10-08 13:09:43,993 [INFO] ApplicationProperties:181 - Using Application install path: C:\ST\STM32CubeIDE_1.9.0\STM32CubeIDE\plugins\com.st.stm32cube.common.mx_6.6.1.202207061420
2023-10-08 13:09:44,024 [INFO] DbMcusXml:77 - Set database path to: C:\ST\STM32CubeIDE_1.9.0\STM32CubeIDE\plugins\com.st.stm32cube.common.mx_6.6.1.202207061420\\db\/mcu/
2023-10-08 13:09:44,024 [INFO] ApiDb:269 - Set plugin database path to: C:\ST\STM32CubeIDE_1.9.0\STM32CubeIDE\plugins\com.st.stm32cube.common.mx_6.6.1.202207061420\\db\/plugins/boardmanager/
2023-10-08 13:09:44,024 [WARN] ApiDb:254 - Overriding images path with different value:  => C:\ST\STM32CubeIDE_1.9.0\STM32CubeIDE\plugins\com.st.stm32cube.common.mx_6.6.1.202207061420\\db\/plugins/mcufinder/images/
2023-10-08 13:09:44,056 [INFO] ApiDb:249 - Set database path to: C:\Users\SHRIKANT\.stmcufinder\plugins\mcufinder//mcu/
2023-10-08 13:09:44,056 [INFO] DbMcusAds:124 - Set database path to: C:\Users\SHRIKANT\.stmcufinder\plugins\mcufinder//mcu/
2023-10-08 13:09:44,071 [INFO] CrossReferenceDbSqlite:201 - Set database path to: C:\Users\SHRIKANT\.stmcufinder\plugins\mcufinder//mcu/cs/
2023-10-08 13:09:44,243 [INFO] RulesReader:61 - Compatibility file has been processed (282 Rules)
2023-10-08 13:09:44,368 [INFO] DbMcusXml:77 - Set database path to: C:\ST\STM32CubeIDE_1.9.0\STM32CubeIDE\plugins\com.st.stm32cube.common.mx_6.6.1.202207061420\\db\/mcu/
2023-10-08 13:09:44,368 [INFO] ApiDb:269 - Set plugin database path to: C:\ST\STM32CubeIDE_1.9.0\STM32CubeIDE\plugins\com.st.stm32cube.common.mx_6.6.1.202207061420\\db\/plugins/boardmanager/
2023-10-08 13:09:44,368 [INFO] ApiDb:256 - Set plugin images path to: C:\ST\STM32CubeIDE_1.9.0\STM32CubeIDE\plugins\com.st.stm32cube.common.mx_6.6.1.202207061420\\db\/plugins/mcufinder/images/
2023-10-08 13:09:44,368 [WARN] DbFile:40 - Overriding database path with different value: C:\Users\SHRIKANT\.stmcufinder\plugins\mcufinder/ => C:\Users\SHRIKANT\.stmcufinder\plugins\mcufinder
2023-10-08 13:09:44,368 [INFO] ApiDb:249 - Set database path to: C:\Users\SHRIKANT\.stmcufinder\plugins\mcufinder//mcu/
2023-10-08 13:09:44,368 [WARN] DbFile:40 - Overriding database path with different value: C:\Users\SHRIKANT\.stmcufinder\plugins\mcufinder/ => C:\Users\SHRIKANT\.stmcufinder\plugins\mcufinder
2023-10-08 13:09:44,368 [INFO] DbMcusAds:124 - Set database path to: C:\Users\SHRIKANT\.stmcufinder\plugins\mcufinder//mcu/
2023-10-08 13:09:44,368 [WARN] DbFile:40 - Overriding database path with different value: C:\Users\SHRIKANT\.stmcufinder\plugins\mcufinder/ => C:\Users\SHRIKANT\.stmcufinder\plugins\mcufinder
2023-10-08 13:09:44,368 [WARN] DbFile:40 - Overriding database path with different value: C:\Users\SHRIKANT\.stmcufinder\plugins\mcufinder/ => C:\Users\SHRIKANT\.stmcufinder\plugins\mcufinder
2023-10-08 13:09:44,368 [INFO] CrossReferenceDbSqlite:201 - Set database path to: C:\Users\SHRIKANT\.stmcufinder\plugins\mcufinder//mcu/cs/
2023-10-08 13:09:44,509 [INFO] MainPanel:242 - HeapMemory: 268435456
2023-10-08 13:09:44,649 [INFO] DbMcusXml:77 - Set database path to: C:\ST\STM32CubeIDE_1.9.0\STM32CubeIDE\plugins\com.st.stm32cube.common.mx_6.6.1.202207061420\\db\/mcu/
2023-10-08 13:09:44,649 [INFO] ApiDb:269 - Set plugin database path to: C:\ST\STM32CubeIDE_1.9.0\STM32CubeIDE\plugins\com.st.stm32cube.common.mx_6.6.1.202207061420\\db\/plugins/boardmanager/
2023-10-08 13:09:44,649 [INFO] ApiDb:256 - Set plugin images path to: C:\ST\STM32CubeIDE_1.9.0\STM32CubeIDE\plugins\com.st.stm32cube.common.mx_6.6.1.202207061420\\db\/plugins/mcufinder/images/
2023-10-08 13:09:44,649 [WARN] DbFile:40 - Overriding database path with different value: C:\Users\SHRIKANT\.stmcufinder\plugins\mcufinder/ => C:\Users\SHRIKANT\.stmcufinder\plugins\mcufinder
2023-10-08 13:09:44,649 [INFO] ApiDb:249 - Set database path to: C:\Users\SHRIKANT\.stmcufinder\plugins\mcufinder//mcu/
2023-10-08 13:09:44,649 [WARN] DbFile:40 - Overriding database path with different value: C:\Users\SHRIKANT\.stmcufinder\plugins\mcufinder/ => C:\Users\SHRIKANT\.stmcufinder\plugins\mcufinder
2023-10-08 13:09:44,649 [INFO] DbMcusAds:124 - Set database path to: C:\Users\SHRIKANT\.stmcufinder\plugins\mcufinder//mcu/
2023-10-08 13:09:44,649 [WARN] DbFile:40 - Overriding database path with different value: C:\Users\SHRIKANT\.stmcufinder\plugins\mcufinder/ => C:\Users\SHRIKANT\.stmcufinder\plugins\mcufinder
2023-10-08 13:09:44,649 [WARN] DbFile:40 - Overriding database path with different value: C:\Users\SHRIKANT\.stmcufinder\plugins\mcufinder/ => C:\Users\SHRIKANT\.stmcufinder\plugins\mcufinder
2023-10-08 13:09:44,649 [INFO] CrossReferenceDbSqlite:201 - Set database path to: C:\Users\SHRIKANT\.stmcufinder\plugins\mcufinder//mcu/cs/
2023-10-08 13:09:44,681 [INFO] ApplicationProperties:181 - Using Application install path: C:\ST\STM32CubeIDE_1.9.0\STM32CubeIDE\plugins\com.st.stm32cube.common.mx_6.6.1.202207061420
2023-10-08 13:09:44,681 [INFO] PluginManage:193 - Search for loadable plugins [exclusion list=, ]
2023-10-08 13:09:44,681 [INFO] PluginManage:307 - Check plugin analytics
2023-10-08 13:09:44,884 [INFO] AnalyticsPlugin:262 - Accepted Software Licenses: 
2023-10-08 13:09:44,884 [INFO] AnalyticsPlugin:264 - Accepted CMSIS Pack Licenses: 
2023-10-08 13:09:44,884 [INFO] AnalyticsPlugin:266 - Accepted Firmware Licenses: FW.F4.1.27.0
2023-10-08 13:09:44,899 [INFO] PluginManage:356 - Loaded plugin analytics (category:tool,tabindex:-1)
2023-10-08 13:09:44,899 [INFO] PluginManage:307 - Check plugin cadmodel
2023-10-08 13:09:44,915 [INFO] CADModel:65 - Init CAD model plugin
2023-10-08 13:09:44,915 [INFO] PluginManage:356 - Loaded plugin cadmodel (category:power,tabindex:5)
2023-10-08 13:09:44,915 [INFO] PluginManage:307 - Check plugin clock
2023-10-08 13:09:44,946 [INFO] PluginManage:356 - Loaded plugin clock (category:base,tabindex:2)
2023-10-08 13:09:44,946 [INFO] PluginManage:307 - Check plugin ddr
2023-10-08 13:09:44,946 [INFO] PluginManage:356 - Loaded plugin ddr (category:tool,tabindex:6)
2023-10-08 13:09:44,946 [INFO] PluginManage:307 - Check plugin filemanager
2023-10-08 13:09:45,149 [INFO] PluginManage:356 - Loaded plugin filemanager (category:base,tabindex:10)
2023-10-08 13:09:45,149 [INFO] PluginManage:307 - Check plugin ipmanager
2023-10-08 13:09:45,165 [INFO] PluginManage:356 - Loaded plugin ipmanager (category:base,tabindex:5)
2023-10-08 13:09:45,165 [INFO] PluginManage:307 - Check plugin lpbam
2023-10-08 13:09:45,181 [INFO] PluginManage:356 - Loaded plugin lpbam (category:base,tabindex:0)
2023-10-08 13:09:45,181 [INFO] PluginManage:307 - Check plugin pinoutandconfiguration
2023-10-08 13:09:45,243 [INFO] PluginManage:356 - Loaded plugin pinoutandconfiguration (category:base,tabindex:1)
2023-10-08 13:09:45,243 [INFO] PluginManage:307 - Check plugin pinoutconfig
2023-10-08 13:09:45,321 [INFO] PluginManage:356 - Loaded plugin pinoutconfig (category:base,tabindex:0)
2023-10-08 13:09:45,321 [INFO] PluginManage:307 - Check plugin power
2023-10-08 13:09:45,352 [INFO] PluginManage:356 - Loaded plugin power (category:power,tabindex:4)
2023-10-08 13:09:45,352 [INFO] PluginManage:307 - Check plugin projectmanager
2023-10-08 13:09:45,384 [INFO] PluginManage:356 - Loaded plugin projectmanager (category:projectmanager,tabindex:3)
2023-10-08 13:09:45,384 [INFO] PluginManage:307 - Check plugin thirdparty
2023-10-08 13:09:45,743 [WARN] IntegrityCheckThread:82 - waiting for thirdparty lock release [integrity check]
2023-10-08 13:09:45,743 [INFO] IntegrityCheckThread:84 - entering critical section [integrity check]
2023-10-08 13:09:45,743 [INFO] PluginManage:356 - Loaded plugin thirdparty (category:base,tabindex:-1)
2023-10-08 13:09:45,743 [INFO] PluginManage:307 - Check plugin tools
2023-10-08 13:09:45,743 [INFO] ThirdPartyUpdaterWithRetryManager:70 - Updater plugin not ready yet. [1/15]
2023-10-08 13:09:45,774 [INFO] PluginManage:356 - Loaded plugin tools (category:base,tabindex:7)
2023-10-08 13:09:45,774 [INFO] PluginManage:307 - Check plugin tutovideos
2023-10-08 13:09:46,071 [INFO] PluginManage:356 - Loaded plugin tutovideos (category:base,tabindex:-1)
2023-10-08 13:09:46,071 [INFO] PluginManage:307 - Check plugin updater
2023-10-08 13:09:46,102 [INFO] PluginManage:356 - Loaded plugin updater (category:base,tabindex:12)
2023-10-08 13:09:46,102 [INFO] PluginManage:280 - PluginManage : Loaded plugins [15]
2023-10-08 13:09:46,446 [INFO] PinOutPanel:1468 - setPackage(No Configuration,No Configuration)
2023-10-08 13:09:46,540 [INFO] CADModel:98 - CPN selected for project level
2023-10-08 13:09:46,587 [INFO] IPUIPlugin:79 - create IPUIPlugin
2023-10-08 13:09:46,587 [INFO] PluginManager:217 - loadIPPluginJar : add adc
2023-10-08 13:09:46,634 [INFO] IPUIPlugin:79 - create IPUIPlugin
2023-10-08 13:09:46,634 [INFO] PluginManager:217 - loadIPPluginJar : add aes
2023-10-08 13:09:46,680 [INFO] IPUIPlugin:79 - create IPUIPlugin
2023-10-08 13:09:46,680 [INFO] PluginManager:217 - loadIPPluginJar : add can
2023-10-08 13:09:46,696 [INFO] IPUIPlugin:79 - create IPUIPlugin
2023-10-08 13:09:46,696 [INFO] PluginManager:217 - loadIPPluginJar : add comp
2023-10-08 13:09:46,743 [INFO] IPUIPlugin:79 - create IPUIPlugin
2023-10-08 13:09:46,743 [INFO] PluginManager:217 - loadIPPluginJar : add cryp
2023-10-08 13:09:46,774 [INFO] IPUIPlugin:79 - create IPUIPlugin
2023-10-08 13:09:46,774 [INFO] PluginManager:217 - loadIPPluginJar : add dfsdm
2023-10-08 13:09:46,790 [INFO] IPUIPlugin:79 - create IPUIPlugin
2023-10-08 13:09:46,790 [INFO] PluginManager:217 - loadIPPluginJar : add dma
2023-10-08 13:09:46,837 [INFO] IPUIPlugin:79 - create IPUIPlugin
2023-10-08 13:09:46,837 [INFO] PluginManager:217 - loadIPPluginJar : add dma3
2023-10-08 13:09:46,868 [INFO] IPUIPlugin:79 - create IPUIPlugin
2023-10-08 13:09:46,868 [INFO] PluginManager:217 - loadIPPluginJar : add fatfs
2023-10-08 13:09:46,915 [INFO] IPUIPlugin:79 - create IPUIPlugin
2023-10-08 13:09:46,915 [INFO] PluginManager:217 - loadIPPluginJar : add fmc
2023-10-08 13:09:46,930 [INFO] IPUIPlugin:79 - create IPUIPlugin
2023-10-08 13:09:46,930 [INFO] PluginManager:217 - loadIPPluginJar : add freertos
2023-10-08 13:09:46,962 [INFO] IPUIPlugin:79 - create IPUIPlugin
2023-10-08 13:09:46,962 [INFO] PluginManager:217 - loadIPPluginJar : add genericplugin
2023-10-08 13:09:47,071 [INFO] IPUIPlugin:79 - create IPUIPlugin
2023-10-08 13:09:47,071 [INFO] PluginManager:217 - loadIPPluginJar : add gfxmmu
2023-10-08 13:09:47,212 [INFO] IPUIPlugin:79 - create IPUIPlugin
2023-10-08 13:09:47,212 [INFO] PluginManager:217 - loadIPPluginJar : add gic
2023-10-08 13:09:47,227 [INFO] IPUIPlugin:79 - create IPUIPlugin
2023-10-08 13:09:47,227 [INFO] PluginManager:217 - loadIPPluginJar : add gpio
2023-10-08 13:09:47,337 [INFO] IPUIPlugin:79 - create IPUIPlugin
2023-10-08 13:09:47,337 [INFO] PluginManager:217 - loadIPPluginJar : add gtzc
2023-10-08 13:09:47,368 [INFO] IPUIPlugin:79 - create IPUIPlugin
2023-10-08 13:09:47,368 [INFO] PluginManager:217 - loadIPPluginJar : add hash
2023-10-08 13:09:47,430 [INFO] IPUIPlugin:79 - create IPUIPlugin
2023-10-08 13:09:47,430 [INFO] PluginManager:217 - loadIPPluginJar : add i2c
2023-10-08 13:09:47,477 [INFO] IPUIPlugin:79 - create IPUIPlugin
2023-10-08 13:09:47,477 [INFO] PluginManager:217 - loadIPPluginJar : add i2s
2023-10-08 13:09:47,602 [INFO] IPUIPlugin:79 - create IPUIPlugin
2023-10-08 13:09:47,602 [INFO] PluginManager:217 - loadIPPluginJar : add ipddr
2023-10-08 13:09:47,712 [INFO] IPUIPlugin:79 - create IPUIPlugin
2023-10-08 13:09:47,712 [INFO] PluginManager:217 - loadIPPluginJar : add linkedlist
2023-10-08 13:09:47,743 [INFO] IPUIPlugin:79 - create IPUIPlugin
2023-10-08 13:09:47,743 [INFO] PluginManager:217 - loadIPPluginJar : add lorawan
2023-10-08 13:09:47,790 [INFO] IPUIPlugin:79 - create IPUIPlugin
2023-10-08 13:09:47,790 [INFO] PluginManager:217 - loadIPPluginJar : add ltdc
2023-10-08 13:09:47,805 [INFO] IPUIPlugin:79 - create IPUIPlugin
2023-10-08 13:09:47,805 [INFO] PluginManager:217 - loadIPPluginJar : add mdma
2023-10-08 13:09:47,821 [INFO] IPUIPlugin:79 - create IPUIPlugin
2023-10-08 13:09:47,821 [INFO] PluginManager:217 - loadIPPluginJar : add nvic
2023-10-08 13:09:47,868 [INFO] IPUIPlugin:79 - create IPUIPlugin
2023-10-08 13:09:47,868 [INFO] PluginManager:217 - loadIPPluginJar : add opamp
2023-10-08 13:09:47,946 [INFO] IPUIPlugin:79 - create IPUIPlugin
2023-10-08 13:09:47,946 [INFO] PluginManager:217 - loadIPPluginJar : add openamp
2023-10-08 13:09:47,993 [INFO] IPUIPlugin:79 - create IPUIPlugin
2023-10-08 13:09:47,993 [INFO] PluginManager:217 - loadIPPluginJar : add pdm2pcm
2023-10-08 13:09:48,009 [INFO] IPUIPlugin:79 - create IPUIPlugin
2023-10-08 13:09:48,009 [INFO] PluginManager:217 - loadIPPluginJar : add plateformsettings
2023-10-08 13:09:48,040 [INFO] IPUIPlugin:79 - create IPUIPlugin
2023-10-08 13:09:48,040 [INFO] PluginManager:217 - loadIPPluginJar : add quadspi
2023-10-08 13:09:48,055 [INFO] IPUIPlugin:79 - create IPUIPlugin
2023-10-08 13:09:48,055 [INFO] PluginManager:217 - loadIPPluginJar : add resmgrutility
2023-10-08 13:09:48,102 [INFO] IPUIPlugin:79 - create IPUIPlugin
2023-10-08 13:09:48,102 [INFO] PluginManager:217 - loadIPPluginJar : add sai
2023-10-08 13:09:48,149 [INFO] IPUIPlugin:79 - create IPUIPlugin
2023-10-08 13:09:48,149 [INFO] PluginManager:217 - loadIPPluginJar : add spi
2023-10-08 13:09:48,212 [INFO] IPUIPlugin:79 - create IPUIPlugin
2023-10-08 13:09:48,212 [INFO] PluginManager:217 - loadIPPluginJar : add stm32_wpan
2023-10-08 13:09:48,243 [INFO] IPUIPlugin:79 - create IPUIPlugin
2023-10-08 13:09:48,243 [INFO] PluginManager:217 - loadIPPluginJar : add tim
2023-10-08 13:09:48,305 [INFO] IPUIPlugin:79 - create IPUIPlugin
2023-10-08 13:09:48,305 [INFO] PluginManager:217 - loadIPPluginJar : add touchsensing
2023-10-08 13:09:48,337 [INFO] IPUIPlugin:79 - create IPUIPlugin
2023-10-08 13:09:48,337 [INFO] PluginManager:217 - loadIPPluginJar : add tracer_emb
2023-10-08 13:09:48,352 [INFO] IPUIPlugin:79 - create IPUIPlugin
2023-10-08 13:09:48,352 [INFO] PluginManager:217 - loadIPPluginJar : add ts
2023-10-08 13:09:48,384 [INFO] IPUIPlugin:79 - create IPUIPlugin
2023-10-08 13:09:48,384 [INFO] PluginManager:217 - loadIPPluginJar : add tsc
2023-10-08 13:09:48,415 [INFO] IPUIPlugin:79 - create IPUIPlugin
2023-10-08 13:09:48,415 [INFO] PluginManager:217 - loadIPPluginJar : add ucpd
2023-10-08 13:09:48,462 [INFO] IPUIPlugin:79 - create IPUIPlugin
2023-10-08 13:09:48,462 [INFO] PluginManager:217 - loadIPPluginJar : add usart
2023-10-08 13:09:48,509 [INFO] IPUIPlugin:79 - create IPUIPlugin
2023-10-08 13:09:48,509 [INFO] PluginManager:217 - loadIPPluginJar : add usbx
2023-10-08 13:09:48,752 [INFO] ThirdPartyUpdaterWithRetryManager:70 - Updater plugin not ready yet. [2/15]
2023-10-08 13:09:48,861 [FATAL] Updater:301 - Updater called before beeing initialized
2023-10-08 13:09:49,049 [FATAL] Updater:301 - Updater called before beeing initialized
2023-10-08 13:09:49,080 [INFO] DbMcusAds:52 - JSON generation date=Thu Sep 30 12:25:09 IST 2021 (1632984909377)
2023-10-08 13:09:49,080 [FATAL] Updater:301 - Updater called before beeing initialized
2023-10-08 13:09:49,189 [WARN] DetailPanel:344 - Failed to get advertising image, set to default
2023-10-08 13:09:49,361 [FATAL] Updater:301 - Updater called before beeing initialized
2023-10-08 13:09:49,361 [FATAL] Updater:301 - Updater called before beeing initialized
2023-10-08 13:09:49,361 [FATAL] Updater:301 - Updater called before beeing initialized
2023-10-08 13:09:49,361 [WARN] DetailPanel:344 - Failed to get advertising image, set to default
2023-10-08 13:09:49,361 [FATAL] Updater:301 - Updater called before beeing initialized
2023-10-08 13:09:49,455 [ERROR] Updater:1105 - MainUpdater not yet initialized. External WinMGr cannot be set.
2023-10-08 13:09:49,471 [INFO] Updater:1041 - Updater Version found : 6.6.1
2023-10-08 13:09:49,486 [INFO] ApplicationProperties:181 - Using Application install path: C:\ST\STM32CubeIDE_1.9.0\STM32CubeIDE\plugins\com.st.stm32cube.common.mx_6.6.1.202207061420
2023-10-08 13:09:50,221 [INFO] MainUpdater:2768 - connection check result : 10
2023-10-08 13:09:50,221 [INFO] MainUpdater:3453 - Updater definition file requires update
2023-10-08 13:09:50,221 [INFO] MainUpdater:280 - Updater Check For Update Now.
2023-10-08 13:09:50,221 [INFO] MicroXplorer:481 - Change Database Version : DB.6.0.60
2023-10-08 13:09:50,752 [ERROR] LogOutputStream:74 - [STDERR_REDIRECT] SLF4J: Failed to load class "org.slf4j.impl.StaticLoggerBinder".
2023-10-08 13:09:50,752 [ERROR] LogOutputStream:74 - [STDERR_REDIRECT] SLF4J: Defaulting to no-operation (NOP) logger implementation
2023-10-08 13:09:50,752 [ERROR] LogOutputStream:74 - [STDERR_REDIRECT] SLF4J: See http://www.slf4j.org/codes.html#StaticLoggerBinder for further details.
2023-10-08 13:09:51,674 [INFO] ServerAccessManage:474 - Download File updaters.zip
2023-10-08 13:09:51,767 [WARN] MainUpdater:1184 - Updater busy. Cannot search thirdparties
2023-10-08 13:09:51,767 [INFO] ThirdPartyUpdaterWithRetryManager:96 - Updater plugin is busy. [1/15]
2023-10-08 13:09:51,767 [INFO] FileExtend:239 - Unzip File : updaters.zip
2023-10-08 13:09:51,767 [INFO] FileExtend:254 - Standard Zip Deflate
2023-10-08 13:09:52,986 [INFO] ServerAccessManage:474 - Download File PacksControlFlags.xml
2023-10-08 13:09:53,345 [INFO] ServerAccessManage:474 - Download File cubemx.pidx
2023-10-08 13:09:54,642 [INFO] ServerAccessManage:474 - Download File STMicroelectronics.X-CUBE-TOUCHGFX.pdsc
2023-10-08 13:09:54,783 [WARN] MainUpdater:1184 - Updater busy. Cannot search thirdparties
2023-10-08 13:09:54,783 [INFO] ThirdPartyUpdaterWithRetryManager:96 - Updater plugin is busy. [2/15]
2023-10-08 13:09:57,361 [INFO] ServerAccessManage:474 - Download File ITTIA_DB.I-CUBE-ITTIADB.pdsc
2023-10-08 13:09:57,798 [WARN] MainUpdater:1184 - Updater busy. Cannot search thirdparties
2023-10-08 13:09:57,798 [INFO] ThirdPartyUpdaterWithRetryManager:96 - Updater plugin is busy. [3/15]
2023-10-08 13:10:00,814 [WARN] MainUpdater:1184 - Updater busy. Cannot search thirdparties
2023-10-08 13:10:00,814 [INFO] ThirdPartyUpdaterWithRetryManager:96 - Updater plugin is busy. [4/15]
2023-10-08 13:10:02,173 [INFO] ServerAccessManage:474 - Download File Infineon.AIROC-Wi-Fi-Bluetooth-STM32.pdsc
2023-10-08 13:10:03,829 [WARN] MainUpdater:1184 - Updater busy. Cannot search thirdparties
2023-10-08 13:10:03,829 [INFO] ThirdPartyUpdaterWithRetryManager:96 - Updater plugin is busy. [5/15]
2023-10-08 13:10:03,845 [WARN] PackLoader:242 - Cannot read IP mode file for STMicroelectronics.X-CUBE-TOUCHGFX.4.22.1
2023-10-08 13:10:03,861 [WARN] PackLoader:242 - Cannot read IP mode file for ITTIA_DB.I-CUBE-ITTIADB.8.8.0
2023-10-08 13:10:03,908 [WARN] PackLoader:242 - Cannot read IP mode file for Infineon.AIROC-Wi-Fi-Bluetooth-STM32.1.5.1
2023-10-08 13:10:03,923 [INFO] PopulateThirdPartyThread:64 - Ending populate Thread
2023-10-08 13:10:03,923 [INFO] ThirdParty:981 - CMSIS Pack Vendor :STMicroelectronics X-CUBE-TOUCHGFX 4.22.1
2023-10-08 13:10:03,923 [INFO] ThirdParty:981 - CMSIS Pack Vendor :Infineon AIROC-Wi-Fi-Bluetooth-STM32 1.5.1
2023-10-08 13:10:03,923 [INFO] ThirdParty:981 - CMSIS Pack Vendor :ITTIA_DB I-CUBE-ITTIADB 8.8.0
2023-10-08 13:10:03,923 [INFO] LoadServerUpdatesThread:367 - End of LoadServerUpdate Thread
2023-10-08 13:10:03,986 [INFO] CheckServerUpdateThread:119 - End of CheckServer Thread
2023-10-08 13:10:04,095 [INFO] MainUpdater:2768 - connection check result : 10
2023-10-08 13:10:04,142 [INFO] McuFinderGlobals:57 - Set McuFinderConnectedMode to true
2023-10-08 13:10:04,340 [INFO] ServerAccessManage:474 - Download File mcusAds.json._tmp_
2023-10-08 13:10:04,465 [INFO] LoadUrlFilesThread:150 - End of LoadUrlFiles Thread
2023-10-08 13:10:04,568 [INFO] ServerAccessManage:474 - Download File cube-finder-db.zip
2023-10-08 13:10:06,834 [WARN] MainUpdater:1184 - Updater busy. Cannot search thirdparties
2023-10-08 13:10:06,834 [INFO] ThirdPartyUpdaterWithRetryManager:96 - Updater plugin is busy. [6/15]
2023-10-08 13:10:09,474 [INFO] FileExtend:239 - Unzip File : cube-finder-db.zip
2023-10-08 13:10:09,490 [INFO] FileExtend:254 - Standard Zip Deflate
2023-10-08 13:10:09,849 [WARN] MainUpdater:1184 - Updater busy. Cannot search thirdparties
2023-10-08 13:10:09,849 [INFO] ThirdPartyUpdaterWithRetryManager:96 - Updater plugin is busy. [7/15]
2023-10-08 13:10:10,490 [INFO] LoadUrlFilesThread:150 - End of LoadUrlFiles Thread
2023-10-08 13:10:11,316 [INFO] ServerAccessManage:474 - Download File crdb.zip
2023-10-08 13:10:12,863 [WARN] MainUpdater:1184 - Updater busy. Cannot search thirdparties
2023-10-08 13:10:12,863 [INFO] ThirdPartyUpdaterWithRetryManager:96 - Updater plugin is busy. [8/15]
2023-10-08 13:10:15,878 [WARN] MainUpdater:1184 - Updater busy. Cannot search thirdparties
2023-10-08 13:10:15,878 [INFO] ThirdPartyUpdaterWithRetryManager:96 - Updater plugin is busy. [9/15]
2023-10-08 13:10:16,753 [INFO] FileExtend:239 - Unzip File : crdb.zip
2023-10-08 13:10:16,753 [INFO] FileExtend:254 - Standard Zip Deflate
2023-10-08 13:10:16,910 [INFO] LoadUrlFilesThread:150 - End of LoadUrlFiles Thread
2023-10-08 13:10:17,000 [INFO] ServerAccessManage:474 - Download File tutoVideoDB.zip
2023-10-08 13:10:17,063 [INFO] FileExtend:239 - Unzip File : tutoVideoDB.zip
2023-10-08 13:10:17,063 [INFO] FileExtend:254 - Standard Zip Deflate
2023-10-08 13:10:17,188 [INFO] LoadUrlFilesThread:150 - End of LoadUrlFiles Thread
2023-10-08 13:10:17,204 [INFO] JxBrowserEngine:106 - Initiate JxBrowser Engine with user profile folder
2023-10-08 13:10:17,422 [ERROR] JxBrowserEngine:59 - Can't initiate JxBrowser engine com.teamdev.jxbrowser.engine.ChromiumBinariesExtractionException: Failed to extract Chromium binaries into C:\Users\SHRIKANT\.stm32cubemx\.jxbrowser\Chromium
2023-10-08 13:10:17,422 [WARN] DbFile:40 - Overriding database path with different value: C:\Users\SHRIKANT\.stmcufinder\plugins\mcufinder/ => C:\Users\SHRIKANT\.stmcufinder\plugins\mcufinder
2023-10-08 13:10:17,482 [INFO] ServerAccessManage:474 - Download File api_config.json
2023-10-08 13:10:17,592 [INFO] LoadUrlFilesThread:150 - End of LoadUrlFiles Thread
2023-10-08 13:10:17,592 [INFO] DbMcusAds:52 - JSON generation date=Tue Mar 07 14:20:55 IST 2023 (1678179055114)
2023-10-08 13:10:18,717 [INFO] ServerAccessManage:474 - Download File 
2023-10-08 13:10:18,717 [INFO] LoadUrlFilesThread:177 - End of LoadServerUrlFiles without Thread
2023-10-08 13:10:18,717 [INFO] TargetSelectorAdapter:228 - Refresh data is successful
2023-10-08 13:10:18,889 [INFO] ApiDb:576 - Connected to CubeFinder SQLite database (C:\Users\SHRIKANT\.stmcufinder\plugins\mcufinder\mcu\cube-finder-db.db)
2023-10-08 13:10:18,967 [INFO] ApiDb:663 - CubeFinder database Data Model version=2.1
2023-10-08 13:10:18,967 [INFO] ApiDb:664 - CubeFinder database Configuration version=3.0.37
2023-10-08 13:10:18,967 [INFO] ApiDb:665 - CubeFinder database generation date=2023-08-09 (1691586011)
2023-10-08 13:10:18,967 [INFO] ApiDb:666 - CubeFinder database FW Pack versions=[FP-ATR-ASTRA1_V2.0.0, FP-SNS-FLIGHT1_V5.0.1, FP-SNS-FLIGHT1_V5.0.2, FP-SNS-MOTENV1_V4.3.1, FP-SNS-MOTENV1_V4.3.2, STM32Cube_FW_C0_V1.1.0, STM32Cube_FW_F4_V1.27.1, STM32Cube_FW_F7_V1.17.0, STM32Cube_FW_G0_V1.6.1, STM32Cube_FW_G4_V1.5.1, STM32Cube_FW_H5_V0.5.1, STM32Cube_FW_H5_V1.1.0, STM32Cube_FW_H7_V1.11.0, STM32Cube_FW_L0_V1.12.2, STM32Cube_FW_L5_V1.5.0, STM32Cube_FW_U5_V1.3.0, STM32Cube_FW_U5_V1.3.0RC4, STM32Cube_FW_WBA_V1.0.0RC1, STM32Cube_FW_WBA_V1.1.0, STM32Cube_FW_WBA_V1.1.0RC1, STM32Cube_FW_WB_V1.15.0RC1, STM32Cube_FW_WB_V1.16.0, STM32Cube_FW_WB_V1.16.0RC2, STM32Cube_FW_WB_V1.17.0, STM32Cube_FW_WL_V1.3.0, X-CUBE-ALGOBUILD_V1.3.0, X-CUBE-ALS_V1.0.1, X-CUBE-AZRTOS-F4_V1.1.0, X-CUBE-AZRTOS-F7_V1.1.0, X-CUBE-AZRTOS-G0_V1.1.0, X-CUBE-AZRTOS-G4_V2.0.0, X-CUBE-AZRTOS-H7_V3.1.0, X-CUBE-AZRTOS-L4_V1.0.0, X-CUBE-AZRTOS-L4_V2.0.0, X-CUBE-AZRTOS-L5_V1.1.0, X-CUBE-AZRTOS-WB_V1.1.0, X-CUBE-AZRTOS-WL_V2.0.0, X-CUBE-BLE1_V7.0.0, X-CUBE-BLE2_V3.3.0, X-CUBE-BLEMGR_V2.0.0, X-CUBE-EEPRMA1_V4.1.0, X-CUBE-FREERTOS_V1.1.0, X-CUBE-GNSS1_V6.0.0, X-CUBE-MEMS1_V9.1.0, X-CUBE-MEMS1_V9.4.0, X-CUBE-MEMS1_V9.6.0, X-CUBE-NFC4_V3.0.0, X-CUBE-NFC7_V1.0.0, X-CUBE-SFXS2LP1_V4.0.0, X-CUBE-SUBG2_V5.0.0, X-CUBE-TOF1_V3.3.1]
2023-10-08 13:10:19,123 [WARN] PackLoader:242 - Cannot read IP mode file for STMicroelectronics.X-CUBE-SMBUS.2.1.0
2023-10-08 13:10:19,295 [WARN] PackLoader:242 - Cannot read IP mode file for STMicroelectronics.X-CUBE-MEMS1.9.2.0
2023-10-08 13:10:19,685 [WARN] PackLoader:242 - Cannot read IP mode file for STMicroelectronics.X-CUBE-AZRTOS-F7.1.1.0
2023-10-08 13:10:19,748 [WARN] PackLoader:242 - Cannot read IP mode file for STMicroelectronics.X-CUBE-AI.7.1.0
2023-10-08 13:10:19,764 [WARN] PackLoader:242 - Cannot read IP mode file for STMicroelectronics.X-CUBE-TOUCHGFX.4.19.1
2023-10-08 13:10:19,795 [WARN] PackLoader:242 - Cannot read IP mode file for STMicroelectronics.FP-SNS-MOTENV1.4.3.2
2023-10-08 13:10:19,826 [WARN] PackLoader:242 - Cannot read IP mode file for STMicroelectronics.X-CUBE-BLE1.6.2.3
2023-10-08 13:10:19,826 [WARN] PackLoader:242 - Cannot read IP mode file for STMicroelectronics.FP-SNS-FLIGHT1.5.0.2
2023-10-08 13:10:19,857 [WARN] PackLoader:242 - Cannot read IP mode file for STMicroelectronics.X-CUBE-BLE2.3.2.2
2023-10-08 13:10:19,904 [WARN] PackLoader:242 - Cannot read IP mode file for STMicroelectronics.X-CUBE-TOF1.3.1.0
2023-10-08 13:10:19,935 [WARN] PackLoader:242 - Cannot read IP mode file for STMicroelectronics.X-CUBE-DISPLAY.3.0.0
2023-10-08 13:10:19,967 [WARN] PackLoader:242 - Cannot read IP mode file for STMicroelectronics.X-CUBE-BLE1.7.0.0
2023-10-08 13:10:19,982 [WARN] PackLoader:242 - Cannot read IP mode file for STMicroelectronics.X-CUBE-TOUCHGFX.4.22.0
2023-10-08 13:10:19,982 [WARN] PackLoader:242 - Cannot read IP mode file for STMicroelectronics.X-CUBE-TOUCHGFX.4.22.1
2023-10-08 13:10:20,154 [WARN] PackLoader:242 - Cannot read IP mode file for STMicroelectronics.X-CUBE-MEMS1.9.3.0
2023-10-08 13:10:20,435 [WARN] PackLoader:242 - Cannot read IP mode file for STMicroelectronics.X-CUBE-AI.7.2.0
2023-10-08 13:10:20,451 [WARN] PackLoader:242 - Cannot read IP mode file for STMicroelectronics.FP-SNS-SMARTAG2.1.2.0
2023-10-08 13:10:20,482 [INFO] LogOutputStream:76 - [STDOUT_REDIRECT] 1 : Invalid condition id : UX_CORESTACK_Condition cause : null
2023-10-08 13:10:20,482 [INFO] LogOutputStream:76 - [STDOUT_REDIRECT] 1 : Invalid condition id : UX_CORESTACK_Condition cause : null
2023-10-08 13:10:20,482 [INFO] LogOutputStream:76 - [STDOUT_REDIRECT] 1 : Invalid condition id : UX_CORESTACK_Condition cause : null
2023-10-08 13:10:20,482 [INFO] LogOutputStream:76 - [STDOUT_REDIRECT] 1 : Invalid condition id : UX_CORESTACK_Condition cause : null
2023-10-08 13:10:20,482 [INFO] LogOutputStream:76 - [STDOUT_REDIRECT] 1 : Invalid condition id : UX_CORESTACK_Condition cause : null
2023-10-08 13:10:20,498 [WARN] PackLoader:242 - Cannot read IP mode file for STMicroelectronics.X-CUBE-AZRTOS-WL.2.0.0
2023-10-08 13:10:20,514 [WARN] PackLoader:242 - Cannot read IP mode file for WES.I-CUBE-Cesium.1.3.0
2023-10-08 13:10:20,529 [WARN] PackLoader:242 - Cannot read IP mode file for STMicroelectronics.X-CUBE-BLE2.3.3.0
2023-10-08 13:10:20,560 [WARN] PackLoader:242 - Cannot read IP mode file for STMicroelectronics.X-CUBE-DISPLAY.2.2.0
2023-10-08 13:10:20,576 [WARN] PackLoader:242 - Cannot read IP mode file for STMicroelectronics.X-CUBE-ISPU.1.0.0
2023-10-08 13:10:20,623 [WARN] PackLoader:242 - Cannot read IP mode file for STMicroelectronics.X-CUBE-AZRTOS-H7.2.1.0
2023-10-08 13:10:20,654 [WARN] PackLoader:242 - Cannot read IP mode file for STMicroelectronics.X-CUBE-ALGOBUILD.1.3.0
2023-10-08 13:10:20,717 [WARN] PackLoader:242 - Cannot read IP mode file for STMicroelectronics.X-CUBE-AZRTOS-G0.1.1.0
2023-10-08 13:10:20,732 [WARN] PackLoader:242 - Cannot read IP mode file for STMicroelectronics.X-CUBE-NFC4.3.0.0
2023-10-08 13:10:20,857 [WARN] PackLoader:242 - Cannot read IP mode file for SEGGER.I-CUBE-embOS.1.2.0
2023-10-08 13:10:20,935 [WARN] PackLoader:242 - Cannot read IP mode file for STMicroelectronics.FP-ATR-SIGFOX1.3.2.0
2023-10-08 13:10:20,951 [WARN] PackLoader:242 - Cannot read IP mode file for emotas.I-CUBE-CANOPEN.1.1.2
2023-10-08 13:10:20,982 [WARN] PackLoader:242 - Cannot read IP mode file for STMicroelectronics.X-CUBE-TOUCHGFX.4.20.0
2023-10-08 13:10:21,029 [WARN] PackLoader:242 - Cannot read IP mode file for SEGGER.I-CUBE-embOS.1.3.1
2023-10-08 13:10:21,092 [WARN] PackLoader:242 - Cannot read IP mode file for STMicroelectronics.X-CUBE-TOF1.3.0.0
2023-10-08 13:10:21,123 [WARN] PackLoader:242 - Cannot read IP mode file for STMicroelectronics.X-CUBE-GNSS1.6.0.0
2023-10-08 13:10:21,217 [WARN] PackLoader:242 - Cannot read IP mode file for STMicroelectronics.X-CUBE-AZRTOS-F4.1.1.0
2023-10-08 13:10:21,263 [WARN] PackLoader:242 - Cannot read IP mode file for STMicroelectronics.X-CUBE-AZRTOS-L5.2.0.0
2023-10-08 13:10:21,342 [WARN] PackLoader:242 - Cannot read IP mode file for STMicroelectronics.X-CUBE-MEMS1.9.6.0
2023-10-08 13:10:21,560 [WARN] PackLoader:242 - Cannot read IP mode file for ITTIA_DB.I-CUBE-ITTIADB.8.8.0
2023-10-08 13:10:21,592 [WARN] PackLoader:242 - Cannot read IP mode file for STMicroelectronics.X-CUBE-BLEMGR.2.0.0
2023-10-08 13:10:21,607 [WARN] PackLoader:242 - Cannot read IP mode file for STMicroelectronics.X-CUBE-NFC4.2.0.4
2023-10-08 13:10:21,638 [WARN] ConditionMgr:437 - getConditionDescription Invalid condition id : UX DEVICE CLASS RTOS Condition cause : null
2023-10-08 13:10:21,638 [WARN] ConditionMgr:437 - getConditionDescription Invalid condition id : UX DEVICE CLASS RTOS Condition cause : null
2023-10-08 13:10:21,654 [WARN] PackLoader:242 - Cannot read IP mode file for STMicroelectronics.X-CUBE-AZRTOS-H7.3.1.0
2023-10-08 13:10:21,654 [WARN] ConditionMgr:1038 - genDependencies : Invalid condition id : UX DEVICE CLASS RTOS Condition cause : null
2023-10-08 13:10:21,654 [WARN] ConditionMgr:1038 - genDependencies : Invalid condition id : UX DEVICE CLASS RTOS Condition cause : null
2023-10-08 13:10:21,654 [WARN] ConditionMgr:1038 - genDependencies : Invalid condition id : UX DEVICE CLASS RTOS Condition cause : null
2023-10-08 13:10:21,654 [WARN] ConditionMgr:1038 - genDependencies : Invalid condition id : UX DEVICE CLASS RTOS Condition cause : null
2023-10-08 13:10:21,654 [WARN] ConditionMgr:1038 - genDependencies : Invalid condition id : UX DEVICE CLASS RTOS Condition cause : null
2023-10-08 13:10:21,670 [WARN] PackLoader:242 - Cannot read IP mode file for STMicroelectronics.X-CUBE-SFXS2LP1.3.1.0
2023-10-08 13:10:21,717 [WARN] PackLoader:242 - Cannot read IP mode file for STMicroelectronics.X-CUBE-AZRTOS-F4.1.0.0
2023-10-08 13:10:21,732 [WARN] PackLoader:242 - Cannot read IP mode file for STMicroelectronics.X-CUBE-NFC7.1.0.1
2023-10-08 13:10:21,748 [WARN] PackLoader:242 - Cannot read IP mode file for STMicroelectronics.X-CUBE-NFC7.1.0.0
2023-10-08 13:10:21,779 [WARN] PackLoader:242 - Cannot read IP mode file for STMicroelectronics.X-CUBE-NFC6.3.0.0
2023-10-08 13:10:21,795 [WARN] PackLoader:242 - Cannot read IP mode file for STMicroelectronics.X-CUBE-EEPRMA1.4.1.0
2023-10-08 13:10:21,810 [WARN] PackLoader:242 - Cannot read IP mode file for STMicroelectronics.X-CUBE-AI.8.1.0
2023-10-08 13:10:21,873 [WARN] PackLoader:242 - Cannot read IP mode file for STMicroelectronics.X-CUBE-AZRTOS-G0.1.0.0
2023-10-08 13:10:21,935 [WARN] ConditionMgr:437 - getConditionDescription Invalid condition id : LAN8742 Phy interface Condition cause : null
2023-10-08 13:10:21,935 [WARN] PackLoader:242 - Cannot read IP mode file for STMicroelectronics.X-CUBE-AZRTOS-L4.2.0.0
2023-10-08 13:10:21,935 [WARN] ConditionMgr:1038 - genDependencies : Invalid condition id : LAN8742 Phy interface Condition cause : null
2023-10-08 13:10:21,935 [WARN] ConditionMgr:1038 - genDependencies : Invalid condition id : LAN8742 Phy interface Condition cause : null
2023-10-08 13:10:21,951 [WARN] ConditionMgr:1038 - genDependencies : Invalid condition id : LAN8742 Phy interface Condition cause : null
2023-10-08 13:10:21,967 [WARN] PackLoader:242 - Cannot read IP mode file for STMicroelectronics.X-CUBE-SFXS2LP1.4.0.0
2023-10-08 13:10:21,998 [WARN] PackLoader:242 - Cannot read IP mode file for STMicroelectronics.X-CUBE-ISPU.1.1.0
2023-10-08 13:10:22,029 [WARN] PackLoader:242 - Cannot read IP mode file for RoweBots.I-CUBE-UNISONRTOS.5.5.0-4
2023-10-08 13:10:22,060 [WARN] ConditionMgr:437 - getConditionDescription Invalid condition id : UX DEVICE CLASS RTOS Condition cause : null
2023-10-08 13:10:22,060 [WARN] ConditionMgr:437 - getConditionDescription Invalid condition id : UX DEVICE CLASS RTOS Condition cause : null
2023-10-08 13:10:22,076 [WARN] PackLoader:242 - Cannot read IP mode file for STMicroelectronics.X-CUBE-AZRTOS-WB.2.0.0
2023-10-08 13:10:22,076 [WARN] ConditionMgr:1038 - genDependencies : Invalid condition id : UX DEVICE CLASS RTOS Condition cause : null
2023-10-08 13:10:22,076 [WARN] ConditionMgr:1038 - genDependencies : Invalid condition id : UX DEVICE CLASS RTOS Condition cause : null
2023-10-08 13:10:22,076 [WARN] ConditionMgr:1038 - genDependencies : Invalid condition id : UX DEVICE CLASS RTOS Condition cause : null
2023-10-08 13:10:22,076 [WARN] ConditionMgr:1038 - genDependencies : Invalid condition id : UX DEVICE CLASS RTOS Condition cause : null
2023-10-08 13:10:22,076 [WARN] ConditionMgr:1038 - genDependencies : Invalid condition id : UX DEVICE CLASS RTOS Condition cause : null
2023-10-08 13:10:22,092 [WARN] PackLoader:242 - Cannot read IP mode file for STMicroelectronics.X-CUBE-BLEMGR.1.0.0
2023-10-08 13:10:22,123 [WARN] PackLoader:242 - Cannot read IP mode file for STMicroelectronics.X-CUBE-SUBG2.5.0.0
2023-10-08 13:10:22,154 [WARN] PackLoader:242 - Cannot read IP mode file for STMicroelectronics.X-CUBE-TOF1.3.3.1
2023-10-08 13:10:22,217 [WARN] PackLoader:242 - Cannot read IP mode file for STMicroelectronics.X-CUBE-AZRTOS-G4.2.0.0
2023-10-08 13:10:22,279 [WARN] PackLoader:242 - Cannot read IP mode file for Infineon.AIROC-Wi-Fi-Bluetooth-STM32.1.5.1
2023-10-08 13:10:22,295 [WARN] PackLoader:242 - Cannot read IP mode file for STMicroelectronics.FP-ATR-ASTRA1.1.1.0
2023-10-08 13:10:22,326 [WARN] PackLoader:242 - Cannot read IP mode file for STMicroelectronics.X-CUBE-AZRTOS-G4.1.0.0
2023-10-08 13:10:22,357 [WARN] PackLoader:242 - Cannot read IP mode file for wolfSSL.I-CUBE-wolfSSL.5.3.0
2023-10-08 13:10:22,404 [WARN] PackLoader:242 - Cannot read IP mode file for STMicroelectronics.X-CUBE-AZRTOS-L4.1.0.0
2023-10-08 13:10:22,420 [WARN] PackLoader:242 - Cannot read IP mode file for STMicroelectronics.X-CUBE-FREERTOS.1.1.0
2023-10-08 13:10:22,482 [WARN] PackLoader:242 - Cannot read IP mode file for STMicroelectronics.X-CUBE-AZRTOS-F7.1.0.0
2023-10-08 13:10:22,513 [WARN] PackLoader:242 - Cannot read IP mode file for STMicroelectronics.X-CUBE-AZRTOS-WL.1.0.0
2023-10-08 13:10:22,545 [WARN] PackLoader:242 - Cannot read IP mode file for portGmbH.I-Cube-SoM-uGOAL.1.1.0
2023-10-08 13:10:22,560 [WARN] PackLoader:242 - Cannot read IP mode file for STMicroelectronics.X-CUBE-ALS.1.0.1
2023-10-08 13:10:22,592 [WARN] PackLoader:242 - Cannot read IP mode file for STMicroelectronics.X-CUBE-AZRTOS-L5.1.0.0
2023-10-08 13:10:22,607 [WARN] PackLoader:242 - Cannot read IP mode file for STMicroelectronics.X-CUBE-EEPRMA1.3.1.1
2023-10-08 13:10:22,623 [WARN] PackLoader:242 - Cannot read IP mode file for STMicroelectronics.X-CUBE-GNSS1.5.2.0
2023-10-08 13:10:22,638 [WARN] PackLoader:242 - Cannot read IP mode file for STMicroelectronics.FP-ATR-ASTRA1.2.0.0
2023-10-08 13:10:22,638 [INFO] ThirdParty:929 - Integrity check success = true
2023-10-08 13:10:22,638 [INFO] IntegrityCheckThread:98 - exiting critical section [integrity check]
2023-10-08 13:10:22,638 [INFO] IntegrityCheckThread:101 - End integrity checks thread
2023-10-08 13:10:23,154 [INFO] ApiDb:239 - Found 138 in-development CPN: [B-WB1M-WPAN1, NUCLEO-C031C6, STEVAL-STWINBX1, STM320518-EVAL, STM32C0116-DK, STM32C011D6Y3TR, STM32C011D6Y6TR, STM32C011F4P3, STM32C011F4P6, STM32C011F4U3, STM32C011F4U6TR, STM32C011F6P3, STM32C011F6P6, STM32C011F6U3, STM32C011F6U6TR, STM32C011J4M3, STM32C011J4M6, STM32C011J6M3, STM32C011J6M6, STM32C0316-DK, STM32C031C4T3, STM32C031C4T6, STM32C031C4U3, STM32C031C4U6, STM32C031C6T3, STM32C031C6T6, STM32C031C6U3, STM32C031C6U6, STM32C031F4P3, STM32C031F4P6, STM32C031F6P3, STM32C031F6P6, STM32C031G4U3, STM32C031G4U6, STM32C031G6U3, STM32C031G6U6, STM32C031K4T3, STM32C031K4T6, STM32C031K4U3, STM32C031K4U6, STM32C031K6T3, STM32C031K6T6, STM32C031K6U3, STM32C031K6U6, STM32G071K8TXN, STM32G071K8UXN, STM32G081GBU6N, STM32G081KBT6N, STM32G081KBUXN, STM32G0B1CCT6N, STM32G0B1KCT6, STM32G0B1NEY6TR, STM32G0B1RCT6N, STM32G0C1CCT6, STM32G0C1CCT6N, STM32G0C1CCU6N, STM32G0C1CET6N, STM32G0C1CEU6N, STM32G0C1KCT6, STM32G0C1NEY6TR, STM32G0C1RCI6N, STM32G0C1RCT6N, STM32G0C1REI6N, STM32G0C1RET6N, STM32G0C1VCI6, STM32G0C1VEI6, STM32G471CCT6, STM32G471CCU6, STM32G471CET3, STM32G471CET6, STM32G471CEU3, STM32G471CEU6, STM32G471MCT6, STM32G471MET3, STM32G471MET6, STM32G471MEY6TR, STM32G471QCT6, STM32G471QET3, STM32G471RCT6, STM32G471RET3, STM32G471RET6, STM32G471VCH6, STM32G471VCI6, STM32G471VCT6, STM32G471VEH3, STM32G471VEH6, STM32G471VEI3, STM32G471VEI6, STM32G471VET3, STM32G471VET6, STM32G474CCT6, STM32L476VGY6PTR, STM32L4R5QGI6STR, STM32MP131AAE3, STM32MP131AAF3, STM32MP131AAG3, STM32MP131CAE3, STM32MP131CAF3, STM32MP131CAG3, STM32MP131DAE7, STM32MP131DAF7, STM32MP131DAG7, STM32MP131FAE7, STM32MP131FAF7, STM32MP131FAG7, STM32MP133AAE3, STM32MP133AAF3, STM32MP133AAG3, STM32MP133CAE3, STM32MP133CAF3, STM32MP133CAG3, STM32MP133DAE7, STM32MP133DAF7, STM32MP133DAG7, STM32MP133FAE7, STM32MP133FAF7, STM32MP133FAG7, STM32MP135AAE3, STM32MP135AAF3, STM32MP135AAG3, STM32MP135CAE3, STM32MP135CAF3, STM32MP135CAG3, STM32MP135DAE7, STM32MP135DAF7, STM32MP135DAG7, STM32MP135F-DK, STM32MP135FAE7, STM32MP135FAF7, STM32MP135FAG7, STM32U595ZJT6Q, STM32U599BJY6QTR, STM32U599NIH6Q, STM32U599NJH6Q, STM32U5A5ZJT6Q, STM32U5A9BJY6QTR, STM32U5A9NJH6Q, STM32WB1MMCH6]
2023-10-08 13:10:23,170 [INFO] DbMcus:215 - Found 3805 MCUs, 3805 are supported
2023-10-08 13:10:23,170 [INFO] ApiDb:418 - Load user favorites file C:\Users\SHRIKANT/.stm32cubeide/favorites.mcus.txt: 0 item(s)
2023-10-08 13:10:23,170 [INFO] ApiDb:422 - User favorites MCUs=[]
2023-10-08 13:10:23,170 [INFO] DbMcus:221 - Set 0 / 0 favorites MCUs
2023-10-08 13:10:23,170 [INFO] ApiDb:663 - CubeFinder database Data Model version=2.1
2023-10-08 13:10:23,170 [INFO] ApiDb:664 - CubeFinder database Configuration version=3.0.37
2023-10-08 13:10:23,170 [INFO] ApiDb:665 - CubeFinder database generation date=2023-08-09 (1691586011)
2023-10-08 13:10:23,170 [INFO] ApiDb:666 - CubeFinder database FW Pack versions=[FP-ATR-ASTRA1_V2.0.0, FP-SNS-FLIGHT1_V5.0.1, FP-SNS-FLIGHT1_V5.0.2, FP-SNS-MOTENV1_V4.3.1, FP-SNS-MOTENV1_V4.3.2, STM32Cube_FW_C0_V1.1.0, STM32Cube_FW_F4_V1.27.1, STM32Cube_FW_F7_V1.17.0, STM32Cube_FW_G0_V1.6.1, STM32Cube_FW_G4_V1.5.1, STM32Cube_FW_H5_V0.5.1, STM32Cube_FW_H5_V1.1.0, STM32Cube_FW_H7_V1.11.0, STM32Cube_FW_L0_V1.12.2, STM32Cube_FW_L5_V1.5.0, STM32Cube_FW_U5_V1.3.0, STM32Cube_FW_U5_V1.3.0RC4, STM32Cube_FW_WBA_V1.0.0RC1, STM32Cube_FW_WBA_V1.1.0, STM32Cube_FW_WBA_V1.1.0RC1, STM32Cube_FW_WB_V1.15.0RC1, STM32Cube_FW_WB_V1.16.0, STM32Cube_FW_WB_V1.16.0RC2, STM32Cube_FW_WB_V1.17.0, STM32Cube_FW_WL_V1.3.0, X-CUBE-ALGOBUILD_V1.3.0, X-CUBE-ALS_V1.0.1, X-CUBE-AZRTOS-F4_V1.1.0, X-CUBE-AZRTOS-F7_V1.1.0, X-CUBE-AZRTOS-G0_V1.1.0, X-CUBE-AZRTOS-G4_V2.0.0, X-CUBE-AZRTOS-H7_V3.1.0, X-CUBE-AZRTOS-L4_V1.0.0, X-CUBE-AZRTOS-L4_V2.0.0, X-CUBE-AZRTOS-L5_V1.1.0, X-CUBE-AZRTOS-WB_V1.1.0, X-CUBE-AZRTOS-WL_V2.0.0, X-CUBE-BLE1_V7.0.0, X-CUBE-BLE2_V3.3.0, X-CUBE-BLEMGR_V2.0.0, X-CUBE-EEPRMA1_V4.1.0, X-CUBE-FREERTOS_V1.1.0, X-CUBE-GNSS1_V6.0.0, X-CUBE-MEMS1_V9.1.0, X-CUBE-MEMS1_V9.4.0, X-CUBE-MEMS1_V9.6.0, X-CUBE-NFC4_V3.0.0, X-CUBE-NFC7_V1.0.0, X-CUBE-SFXS2LP1_V4.0.0, X-CUBE-SUBG2_V5.0.0, X-CUBE-TOF1_V3.3.1]
2023-10-08 13:10:23,263 [INFO] DbBoardsSqlite:227 - include board P-NUCLEO-WB55-NUCLEO as a kit item of type 'Nucleo-64'
2023-10-08 13:10:23,263 [INFO] DbBoardsSqlite:227 - include board P-NUCLEO-WB55-USBDONGLE as a kit item of type 'Nucleo USB Dongle'
2023-10-08 13:10:23,263 [INFO] DbBoardsSqlite:227 - include board STEVAL-IDP005V1 as a kit item of type 'Evaluation Board'
2023-10-08 13:10:23,263 [INFO] DbBoardsSqlite:227 - include board STEVAL-IDP005V2 as a kit item of type 'Evaluation Board'
2023-10-08 13:10:23,342 [INFO] ApiDb:239 - Found 138 in-development CPN: [B-WB1M-WPAN1, NUCLEO-C031C6, STEVAL-STWINBX1, STM320518-EVAL, STM32C0116-DK, STM32C011D6Y3TR, STM32C011D6Y6TR, STM32C011F4P3, STM32C011F4P6, STM32C011F4U3, STM32C011F4U6TR, STM32C011F6P3, STM32C011F6P6, STM32C011F6U3, STM32C011F6U6TR, STM32C011J4M3, STM32C011J4M6, STM32C011J6M3, STM32C011J6M6, STM32C0316-DK, STM32C031C4T3, STM32C031C4T6, STM32C031C4U3, STM32C031C4U6, STM32C031C6T3, STM32C031C6T6, STM32C031C6U3, STM32C031C6U6, STM32C031F4P3, STM32C031F4P6, STM32C031F6P3, STM32C031F6P6, STM32C031G4U3, STM32C031G4U6, STM32C031G6U3, STM32C031G6U6, STM32C031K4T3, STM32C031K4T6, STM32C031K4U3, STM32C031K4U6, STM32C031K6T3, STM32C031K6T6, STM32C031K6U3, STM32C031K6U6, STM32G071K8TXN, STM32G071K8UXN, STM32G081GBU6N, STM32G081KBT6N, STM32G081KBUXN, STM32G0B1CCT6N, STM32G0B1KCT6, STM32G0B1NEY6TR, STM32G0B1RCT6N, STM32G0C1CCT6, STM32G0C1CCT6N, STM32G0C1CCU6N, STM32G0C1CET6N, STM32G0C1CEU6N, STM32G0C1KCT6, STM32G0C1NEY6TR, STM32G0C1RCI6N, STM32G0C1RCT6N, STM32G0C1REI6N, STM32G0C1RET6N, STM32G0C1VCI6, STM32G0C1VEI6, STM32G471CCT6, STM32G471CCU6, STM32G471CET3, STM32G471CET6, STM32G471CEU3, STM32G471CEU6, STM32G471MCT6, STM32G471MET3, STM32G471MET6, STM32G471MEY6TR, STM32G471QCT6, STM32G471QET3, STM32G471RCT6, STM32G471RET3, STM32G471RET6, STM32G471VCH6, STM32G471VCI6, STM32G471VCT6, STM32G471VEH3, STM32G471VEH6, STM32G471VEI3, STM32G471VEI6, STM32G471VET3, STM32G471VET6, STM32G474CCT6, STM32L476VGY6PTR, STM32L4R5QGI6STR, STM32MP131AAE3, STM32MP131AAF3, STM32MP131AAG3, STM32MP131CAE3, STM32MP131CAF3, STM32MP131CAG3, STM32MP131DAE7, STM32MP131DAF7, STM32MP131DAG7, STM32MP131FAE7, STM32MP131FAF7, STM32MP131FAG7, STM32MP133AAE3, STM32MP133AAF3, STM32MP133AAG3, STM32MP133CAE3, STM32MP133CAF3, STM32MP133CAG3, STM32MP133DAE7, STM32MP133DAF7, STM32MP133DAG7, STM32MP133FAE7, STM32MP133FAF7, STM32MP133FAG7, STM32MP135AAE3, STM32MP135AAF3, STM32MP135AAG3, STM32MP135CAE3, STM32MP135CAF3, STM32MP135CAG3, STM32MP135DAE7, STM32MP135DAF7, STM32MP135DAG7, STM32MP135F-DK, STM32MP135FAE7, STM32MP135FAF7, STM32MP135FAG7, STM32U595ZJT6Q, STM32U599BJY6QTR, STM32U599NIH6Q, STM32U599NJH6Q, STM32U5A5ZJT6Q, STM32U5A9BJY6QTR, STM32U5A9NJH6Q, STM32WB1MMCH6]
2023-10-08 13:10:23,451 [INFO] BoardInfo:879 - No configuration file found for board NUCLEO-H503RB
2023-10-08 13:10:23,451 [INFO] DbBoards:156 - Board is not supported: NUCLEO-H503RB
2023-10-08 13:10:23,451 [INFO] BoardInfo:879 - No configuration file found for board NUCLEO-H563ZI
2023-10-08 13:10:23,451 [INFO] DbBoards:156 - Board is not supported: NUCLEO-H563ZI
2023-10-08 13:10:23,513 [INFO] BoardInfo:879 - No configuration file found for board NUCLEO-U545RE-Q
2023-10-08 13:10:23,513 [INFO] DbBoards:156 - Board is not supported: NUCLEO-U545RE-Q
2023-10-08 13:10:23,513 [INFO] BoardInfo:879 - No configuration file found for board NUCLEO-U5A5ZJ-Q
2023-10-08 13:10:23,513 [INFO] DbBoards:156 - Board is not supported: NUCLEO-U5A5ZJ-Q
2023-10-08 13:10:23,513 [INFO] BoardInfo:879 - No configuration file found for board NUCLEO-WBA52CG
2023-10-08 13:10:23,513 [INFO] DbBoards:156 - Board is not supported: NUCLEO-WBA52CG
2023-10-08 13:10:23,529 [INFO] BoardInfo:879 - No configuration file found for board P-NUCLEO-WB55
2023-10-08 13:10:23,529 [INFO] DbBoards:156 - Kit is not supported: P-NUCLEO-WB55
2023-10-08 13:10:23,529 [INFO] BoardInfo:879 - No configuration file found for board STEVAL-BFA001V1B
2023-10-08 13:10:23,529 [INFO] DbBoards:156 - Kit is not supported: STEVAL-BFA001V1B
2023-10-08 13:10:23,529 [INFO] BoardInfo:879 - No configuration file found for board STEVAL-BFA001V2B
2023-10-08 13:10:23,529 [INFO] DbBoards:156 - Kit is not supported: STEVAL-BFA001V2B
2023-10-08 13:10:23,545 [INFO] BoardInfo:879 - No configuration file found for board STEVAL-PROTEUS1
2023-10-08 13:10:23,545 [INFO] DbBoards:156 - Board is not supported: STEVAL-PROTEUS1
2023-10-08 13:10:23,545 [INFO] BoardInfo:879 - No configuration file found for board STEVAL-SMARTAG2
2023-10-08 13:10:23,545 [INFO] DbBoards:156 - Board is not supported: STEVAL-SMARTAG2
2023-10-08 13:10:23,623 [INFO] BoardInfo:879 - No configuration file found for board STM32H573I-DK
2023-10-08 13:10:23,623 [INFO] DbBoards:156 - Board is not supported: STM32H573I-DK
2023-10-08 13:10:23,717 [INFO] BoardInfo:879 - No configuration file found for board STM32U5A9J-DK
2023-10-08 13:10:23,717 [INFO] DbBoards:156 - Board is not supported: STM32U5A9J-DK
2023-10-08 13:10:23,717 [INFO] DbBoards:160 - Found 186 boards, 174 are supported
2023-10-08 13:10:23,732 [INFO] ApiDb:418 - Load user favorites file C:\Users\SHRIKANT/.stm32cubeide/favorites.boards.txt: 1 item(s)
2023-10-08 13:10:23,732 [INFO] ApiDb:422 - User favorites Boards=[STM32F407G-DISC1]
2023-10-08 13:10:23,732 [INFO] DbBoards:189 - Set 1 / 1 favorites Boards
2023-10-08 13:10:23,748 [INFO] ApiDb:663 - CubeFinder database Data Model version=2.1
2023-10-08 13:10:23,748 [INFO] ApiDb:664 - CubeFinder database Configuration version=3.0.37
2023-10-08 13:10:23,748 [INFO] ApiDb:665 - CubeFinder database generation date=2023-08-09 (1691586011)
2023-10-08 13:10:23,748 [INFO] ApiDb:666 - CubeFinder database FW Pack versions=[FP-ATR-ASTRA1_V2.0.0, FP-SNS-FLIGHT1_V5.0.1, FP-SNS-FLIGHT1_V5.0.2, FP-SNS-MOTENV1_V4.3.1, FP-SNS-MOTENV1_V4.3.2, STM32Cube_FW_C0_V1.1.0, STM32Cube_FW_F4_V1.27.1, STM32Cube_FW_F7_V1.17.0, STM32Cube_FW_G0_V1.6.1, STM32Cube_FW_G4_V1.5.1, STM32Cube_FW_H5_V0.5.1, STM32Cube_FW_H5_V1.1.0, STM32Cube_FW_H7_V1.11.0, STM32Cube_FW_L0_V1.12.2, STM32Cube_FW_L5_V1.5.0, STM32Cube_FW_U5_V1.3.0, STM32Cube_FW_U5_V1.3.0RC4, STM32Cube_FW_WBA_V1.0.0RC1, STM32Cube_FW_WBA_V1.1.0, STM32Cube_FW_WBA_V1.1.0RC1, STM32Cube_FW_WB_V1.15.0RC1, STM32Cube_FW_WB_V1.16.0, STM32Cube_FW_WB_V1.16.0RC2, STM32Cube_FW_WB_V1.17.0, STM32Cube_FW_WL_V1.3.0, X-CUBE-ALGOBUILD_V1.3.0, X-CUBE-ALS_V1.0.1, X-CUBE-AZRTOS-F4_V1.1.0, X-CUBE-AZRTOS-F7_V1.1.0, X-CUBE-AZRTOS-G0_V1.1.0, X-CUBE-AZRTOS-G4_V2.0.0, X-CUBE-AZRTOS-H7_V3.1.0, X-CUBE-AZRTOS-L4_V1.0.0, X-CUBE-AZRTOS-L4_V2.0.0, X-CUBE-AZRTOS-L5_V1.1.0, X-CUBE-AZRTOS-WB_V1.1.0, X-CUBE-AZRTOS-WL_V2.0.0, X-CUBE-BLE1_V7.0.0, X-CUBE-BLE2_V3.3.0, X-CUBE-BLEMGR_V2.0.0, X-CUBE-EEPRMA1_V4.1.0, X-CUBE-FREERTOS_V1.1.0, X-CUBE-GNSS1_V6.0.0, X-CUBE-MEMS1_V9.1.0, X-CUBE-MEMS1_V9.4.0, X-CUBE-MEMS1_V9.6.0, X-CUBE-NFC4_V3.0.0, X-CUBE-NFC7_V1.0.0, X-CUBE-SFXS2LP1_V4.0.0, X-CUBE-SUBG2_V5.0.0, X-CUBE-TOF1_V3.3.1]
2023-10-08 13:10:25,263 [INFO] DbExamplesSqlite:374 - Ignored 27 examples not supported by CubeIDE
2023-10-08 13:10:25,263 [INFO] DbExamplesSqlite:375 - Found 7231 examples active
2023-10-08 13:10:25,263 [INFO] DbExamplesSqlite:376 - Found 677 examples obsolete
2023-10-08 13:10:25,263 [INFO] DbExamplesSqlite:377 - Found 0 examples under development
2023-10-08 13:10:25,263 [INFO] DbExamplesSqlite:378 - Found 74 examples not building
2023-10-08 13:10:25,263 [INFO] DbExamples:124 - Found 7278 examples
2023-10-08 13:10:25,326 [ERROR] DbExamples:207 - Found 33 examples with invalid data (board or MCU)
2023-10-08 13:10:25,326 [INFO] DbExamples:221 - Found 90 boards with related examples
2023-10-08 13:10:25,326 [INFO] DbExamples:234 - Found 76 MCUs with related examples
2023-10-08 13:10:25,357 [INFO] ApiDb:418 - Load user favorites file C:\Users\SHRIKANT/.stm32cubeide/favorites.examples.txt: 0 item(s)
2023-10-08 13:10:25,357 [INFO] ApiDb:422 - User favorites Examples=[]
2023-10-08 13:10:25,357 [INFO] DbExamples:249 - Set 0 / 0 favorites Examples
2023-10-08 13:10:25,759 [INFO] McuFinderGlobals:57 - Set McuFinderConnectedMode to true
2023-10-08 13:10:25,775 [INFO] MultiScanPanel:195 - Auto-refresh data requested => check proxy status ongoing
2023-10-08 13:10:25,775 [INFO] FinderPluginLoader:92 - Searching for filters in installed packs
2023-10-08 13:10:28,290 [INFO] LoadUrlFilesThread:177 - End of LoadServerUrlFiles without Thread
2023-10-08 13:10:28,306 [INFO] DetailPanel:339 - Set advertising image to C:/Users/SHRIKANT/STM32Cube/Repository/\en.prom-stm32h5-mcu-finder.jpg
2023-10-08 13:10:36,486 [INFO] MultiScanPanel:195 - Auto-refresh data requested => check proxy status ongoing
2023-10-08 13:10:36,689 [INFO] LoadUrlFilesThread:177 - End of LoadServerUrlFiles without Thread
2023-10-08 13:10:36,689 [INFO] DetailPanel:339 - Set advertising image to C:/Users/SHRIKANT/STM32Cube/Repository/\en.prom-stm32h5-mcu-finder.jpg
2023-10-08 13:10:36,705 [INFO] DbBoards:628 - Loading board mini-images...
2023-10-08 13:10:36,908 [ERROR] DbBoards:648 - No image file defined for board B-WB1M-WPAN1
2023-10-08 13:10:36,908 [ERROR] DbBoards:645 - Image file not found for board NUCLEO-C031C6: C:\ST\STM32CubeIDE_1.9.0\STM32CubeIDE\plugins\com.st.stm32cube.common.mx_6.6.1.202207061420\\db\/plugins/mcufinder/images/boards/bp-nucleo-c031c6.jpg
2023-10-08 13:10:37,721 [ERROR] DbBoards:645 - Image file not found for board NUCLEO-H503RB: C:\ST\STM32CubeIDE_1.9.0\STM32CubeIDE\plugins\com.st.stm32cube.common.mx_6.6.1.202207061420\\db\/plugins/mcufinder/images/boards/bp-nucleo-h503rb-estore.jpg
2023-10-08 13:10:37,721 [ERROR] DbBoards:645 - Image file not found for board NUCLEO-H563ZI: C:\ST\STM32CubeIDE_1.9.0\STM32CubeIDE\plugins\com.st.stm32cube.common.mx_6.6.1.202207061420\\db\/plugins/mcufinder/images/boards/bp-nucleo-h563zi-estore.jpg
2023-10-08 13:10:38,174 [ERROR] DbBoards:645 - Image file not found for board NUCLEO-U545RE-Q: C:\ST\STM32CubeIDE_1.9.0\STM32CubeIDE\plugins\com.st.stm32cube.common.mx_6.6.1.202207061420\\db\/plugins/mcufinder/images/boards/nucleo-u545re-q.jpg
2023-10-08 13:10:38,189 [ERROR] DbBoards:645 - Image file not found for board NUCLEO-U5A5ZJ-Q: C:\ST\STM32CubeIDE_1.9.0\STM32CubeIDE\plugins\com.st.stm32cube.common.mx_6.6.1.202207061420\\db\/plugins/mcufinder/images/boards/nucleo-u545re-q.jpg
2023-10-08 13:10:38,189 [ERROR] DbBoards:648 - No image file defined for board NUCLEO-WB15CC
2023-10-08 13:10:38,221 [ERROR] DbBoards:645 - Image file not found for board NUCLEO-WBA52CG: C:\ST\STM32CubeIDE_1.9.0\STM32CubeIDE\plugins\com.st.stm32cube.common.mx_6.6.1.202207061420\\db\/plugins/mcufinder/images/boards/nucleo-wba52cg-board-photo.jpg
2023-10-08 13:10:38,377 [ERROR] DbBoards:645 - Image file not found for board STEVAL-PROTEUS1: C:\ST\STM32CubeIDE_1.9.0\STM32CubeIDE\plugins\com.st.stm32cube.common.mx_6.6.1.202207061420\\db\/plugins/mcufinder/images/boards/steval-proteus1_image.jpg
2023-10-08 13:10:38,377 [ERROR] DbBoards:645 - Image file not found for board STEVAL-SMARTAG2: C:\ST\STM32CubeIDE_1.9.0\STM32CubeIDE\plugins\com.st.stm32cube.common.mx_6.6.1.202207061420\\db\/plugins/mcufinder/images/boards/steval-smartag2-image.jpg
2023-10-08 13:10:38,377 [ERROR] DbBoards:645 - Image file not found for board STEVAL-STWINBX1: C:\ST\STM32CubeIDE_1.9.0\STM32CubeIDE\plugins\com.st.stm32cube.common.mx_6.6.1.202207061420\\db\/plugins/mcufinder/images/boards/stwinbx1-image.jpg
2023-10-08 13:10:38,424 [ERROR] DbBoards:645 - Image file not found for board STM320518-EVAL: C:\ST\STM32CubeIDE_1.9.0\STM32CubeIDE\plugins\com.st.stm32cube.common.mx_6.6.1.202207061420\\db\/plugins/mcufinder/images/boards/stm320518-eval.jpg
2023-10-08 13:10:38,439 [ERROR] DbBoards:648 - No image file defined for board STM32091C-EVAL
2023-10-08 13:10:38,439 [ERROR] DbBoards:648 - No image file defined for board STM32100E-EVAL
2023-10-08 13:10:38,439 [ERROR] DbBoards:648 - No image file defined for board STM3210C-EVAL
2023-10-08 13:10:38,455 [ERROR] DbBoards:648 - No image file defined for board STM3221G-EVAL
2023-10-08 13:10:38,455 [ERROR] DbBoards:648 - No image file defined for board STM32303C-EVAL
2023-10-08 13:10:38,533 [ERROR] DbBoards:648 - No image file defined for board STM32439I-EVAL2
2023-10-08 13:10:38,533 [ERROR] DbBoards:645 - Image file not found for board STM32469I-EVAL: C:\ST\STM32CubeIDE_1.9.0\STM32CubeIDE\plugins\com.st.stm32cube.common.mx_6.6.1.202207061420\\db\/plugins/mcufinder/images/boards/stm32469i-eval.jpg
2023-10-08 13:10:38,533 [ERROR] DbBoards:648 - No image file defined for board STM32479I-EVAL
2023-10-08 13:10:38,533 [ERROR] DbBoards:648 - No image file defined for board STM32746G-EVAL2
2023-10-08 13:10:38,549 [ERROR] DbBoards:645 - Image file not found for board STM32C0116-DK: C:\ST\STM32CubeIDE_1.9.0\STM32CubeIDE\plugins\com.st.stm32cube.common.mx_6.6.1.202207061420\\db\/plugins/mcufinder/images/boards/bp-stm32c0116-dk.jpg
2023-10-08 13:10:38,549 [ERROR] DbBoards:645 - Image file not found for board STM32C0316-DK: C:\ST\STM32CubeIDE_1.9.0\STM32CubeIDE\plugins\com.st.stm32cube.common.mx_6.6.1.202207061420\\db\/plugins/mcufinder/images/boards/bp-stm32c0316-dk.jpg
2023-10-08 13:10:38,580 [ERROR] DbBoards:648 - No image file defined for board STM32F401C-DISCO
2023-10-08 13:10:38,658 [ERROR] DbBoards:648 - No image file defined for board STM32F7308-DK
2023-10-08 13:10:38,705 [ERROR] DbBoards:648 - No image file defined for board STM32F779I-EVAL
2023-10-08 13:10:38,799 [ERROR] DbBoards:648 - No image file defined for board STM32G474E-EVAL1
2023-10-08 13:10:38,814 [ERROR] DbBoards:645 - Image file not found for board STM32H573I-DK: C:\ST\STM32CubeIDE_1.9.0\STM32CubeIDE\plugins\com.st.stm32cube.common.mx_6.6.1.202207061420\\db\/plugins/mcufinder/images/boards/bp-stm32h573i-dk-estore.jpg
2023-10-08 13:10:38,877 [ERROR] DbBoards:648 - No image file defined for board STM32H747I-EVAL
2023-10-08 13:10:38,939 [ERROR] DbBoards:648 - No image file defined for board STM32L-DISCOVERY
2023-10-08 13:10:38,971 [ERROR] DbBoards:648 - No image file defined for board STM32L152D-EVAL
2023-10-08 13:10:39,158 [ERROR] DbBoards:645 - Image file not found for board STM32MP135F-DK: C:\ST\STM32CubeIDE_1.9.0\STM32CubeIDE\plugins\com.st.stm32cube.common.mx_6.6.1.202207061420\\db\/plugins/mcufinder/images/boards/web-stm32mp135f-dk-board.jpg
2023-10-08 13:10:39,377 [ERROR] DbBoards:645 - Image file not found for board STM32U5A9J-DK: C:\ST\STM32CubeIDE_1.9.0\STM32CubeIDE\plugins\com.st.stm32cube.common.mx_6.6.1.202207061420\\db\/plugins/mcufinder/images/boards/stm32u5a9j-dk-board-photo.jpg
2023-10-08 13:10:39,408 [INFO] DbBoards:651 - Loaded 153 board mini-images
2023-10-08 13:23:47,313 [INFO] McuFinderGlobals:57 - Set McuFinderConnectedMode to true
2023-10-08 13:23:47,329 [INFO] ApiDb:443 - Save user favorites file C:\Users\SHRIKANT/.stm32cubeide/favorites.mcus.txt: 0 item(s)
2023-10-08 13:23:47,329 [INFO] ApiDb:447 - User favorites MCUs=[]
2023-10-08 13:23:47,329 [INFO] ApiDb:443 - Save user favorites file C:\Users\SHRIKANT/.stm32cubeide/favorites.boards.txt: 1 item(s)
2023-10-08 13:23:47,329 [INFO] ApiDb:447 - User favorites Boards=[STM32F407G-DISC1]
2023-10-12 12:32:31,822 [ERROR] LogOutputStream:74 - [STDERR_REDIRECT] 
2023-10-12 13:10:49,213 [INFO] Activator:177 - 


2023-10-12 13:10:49,213 [INFO] Activator:178 - !SESSION log4j initialized
